build/app/outputs/mapping/release/mapping.txt
# compiler: R8
# compiler_version: 1.5.69
# min_api: 21
# pg_map_id: 3aabb8b
...
org.tensorflow.lite.TensorFlowLite -> org.tensorflow.lite.TensorFlowLite:
    java.lang.Throwable LOAD_LIBRARY_EXCEPTION -> a
    boolean isInit -> b
    void init() -> a
    java.lang.String runtimeVersion() -> b
org.tensorflow.lite.nnapi.NnApiDelegate -> org.tensorflow.lite.nnapi.NnApiDelegate:
    long delegateHandle -> a
    long getNativeHandle() -> a
org.tensorflow.lite.nnapi.NnApiDelegate$Options -> org.tensorflow.lite.nnapi.NnApiDelegate$a:
    java.lang.Integer maxDelegatedPartitions -> e
    java.lang.String cacheDir -> c
    java.lang.String acceleratorName -> b
    int executionPreference -> a
    java.lang.String modelToken -> d
    int access$000(org.tensorflow.lite.nnapi.NnApiDelegate$Options) -> a
    java.lang.String access$100(org.tensorflow.lite.nnapi.NnApiDelegate$Options) -> b
    java.lang.String access$200(org.tensorflow.lite.nnapi.NnApiDelegate$Options) -> c
    java.lang.String access$300(org.tensorflow.lite.nnapi.NnApiDelegate$Options) -> d
    java.lang.Integer access$400(org.tensorflow.lite.nnapi.NnApiDelegate$Options) -> e
sq.flutter.tflite.TflitePlugin -> c.a.a.a:
    float[][] labelProb -> f
    org.tensorflow.lite.Interpreter tfLite -> b
    io.flutter.plugin.common.PluginRegistry$Registrar mRegistrar -> a
    java.util.Map partsIds -> i
    java.util.List parentToChildEdges -> j
    int inputSize -> d
    java.lang.String[] partNames -> g
    java.lang.String[][] poseChain -> h
    boolean tfLiteBusy -> c
    java.util.Vector labels -> e
    java.util.List childToParentEdges -> k
    java.util.List GetTopN(int,float) -> a
    boolean access$000(sq.flutter.tflite.TflitePlugin) -> a
    boolean access$002(sq.flutter.tflite.TflitePlugin,boolean) -> a
    java.util.List access$200(sq.flutter.tflite.TflitePlugin,int,float) -> a
    int access$402(sq.flutter.tflite.TflitePlugin,int) -> a
    float access$500(sq.flutter.tflite.TflitePlugin,float) -> a
    void access$600(sq.flutter.tflite.TflitePlugin,float[]) -> a
    java.util.PriorityQueue buildPartWithScoreQueue(float[][][],double,int) -> a
    void close() -> a
    byte[] compressPNG(android.graphics.Bitmap) -> a
    void detectObjectOnBinary(java.util.HashMap,io.flutter.plugin.common.MethodChannel$Result) -> a
    java.nio.ByteBuffer feedInputTensor(android.graphics.Bitmap,float,float) -> a
    java.nio.ByteBuffer feedInputTensorFrame(java.util.List,int,int,float,float,int) -> a
    java.nio.ByteBuffer feedInputTensorImage(java.lang.String,float,float) -> a
    android.graphics.Bitmap feedOutput(java.nio.ByteBuffer,float,float) -> a
sq.flutter.tflite.TflitePlugin$1 -> c.a.a.a$a:
    int compare(java.util.Map,java.util.Map) -> a
sq.flutter.tflite.TflitePlugin$2 -> c.a.a.a$b:
    int compare(java.util.Map,java.util.Map) -> a
sq.flutter.tflite.TflitePlugin$RunModelOnBinary -> c.a.a.a$c:
    float THRESHOLD -> e
    java.nio.ByteBuffer imgData -> f
    sq.flutter.tflite.TflitePlugin this$0 -> g
    int NUM_RESULTS -> d
    void onRunTfliteDone() -> b
    void runTflite() -> c
sq.flutter.tflite.TflitePlugin$RunModelOnFrame -> c.a.a.a$d:
    long startTime -> f
    float THRESHOLD -> e
    java.nio.ByteBuffer imgData -> g
    sq.flutter.tflite.TflitePlugin this$0 -> h
    int NUM_RESULTS -> d
    void onRunTfliteDone() -> b
    void runTflite() -> c
sq.flutter.tflite.TflitePlugin$RunModelOnImage -> c.a.a.a$e:
    float THRESHOLD -> e
    long startTime -> g
    sq.flutter.tflite.TflitePlugin this$0 -> h
    java.nio.ByteBuffer input -> f
    int NUM_RESULTS -> d
    void onRunTfliteDone() -> b
    void runTflite() -> c
sq.flutter.tflite.TflitePlugin$RunPix2PixOnBinary -> c.a.a.a$f:
    java.nio.ByteBuffer output -> f
    sq.flutter.tflite.TflitePlugin this$0 -> g
    java.nio.ByteBuffer input -> e
    long startTime -> d
    void onRunTfliteDone() -> b
    void runTflite() -> c